<?xml version="1.0" encoding="UTF-8"?>
<!-- Generated by org.testng.reporters.JUnitReportReporter -->
<testsuite hostname="DESKTOP-PG3POK5" failures="0" tests="17" name="com.webOrders.test.WebOrder_ViewAllOrders_Test" time="35.672" errors="0" timestamp="2024-08-28T18:20:33 IST" skipped="0">
  <testcase classname="com.webOrders.test.WebOrder_ViewAllOrders_Test" name="verifyCheckAll" time="4.051"/>
  <system-out/>
  <testcase classname="com.webOrders.test.WebOrder_ViewAllOrders_Test" name="verifyUnCheckAll" time="0.877"/>
  <system-out/>
  <testcase classname="com.webOrders.test.WebOrder_ViewAllOrders_Test" name="verifyDeleteOrder" time="1.314"/>
  <system-out/>
  <testcase classname="com.webOrders.test.WebOrder_ViewAllOrders_Test" name="verifyEditOrder" time="4.083"/>
  <system-out/>
  <testcase classname="com.webOrders.test.WebOrder_ViewAllOrders_Test" name="verifyEditOrder" time="4.918"/>
  <system-out/>
  <testcase classname="com.webOrders.test.WebOrder_ViewAllOrders_Test" name="verifyError" time="1.574"/>
  <system-out/>
  <testcase classname="com.webOrders.test.WebOrder_ViewAllOrders_Test" name="verifyError" time="1.543"/>
  <system-out/>
  <testcase classname="com.webOrders.test.WebOrder_ViewAllOrders_Test" name="verifyError" time="1.741"/>
  <system-out/>
  <testcase classname="com.webOrders.test.WebOrder_ViewAllOrders_Test" name="verifyError" time="1.537"/>
  <system-out/>
  <testcase classname="com.webOrders.test.WebOrder_ViewAllOrders_Test" name="verifyError" time="1.799"/>
  <system-out/>
  <testcase classname="com.webOrders.test.WebOrder_ViewAllOrders_Test" name="verifyError" time="1.806"/>
  <system-out/>
  <testcase classname="com.webOrders.test.WebOrder_ViewAllOrders_Test" name="verifyError" time="1.555"/>
  <system-out/>
  <testcase classname="com.webOrders.test.WebOrder_ViewAllOrders_Test" name="verifyError" time="1.712"/>
  <system-out/>
  <testcase classname="com.webOrders.test.WebOrder_ViewAllOrders_Test" name="verifyError" time="1.691"/>
  <system-out/>
  <testcase classname="com.webOrders.test.WebOrder_ViewAllOrders_Test" name="verifyError" time="1.884"/>
  <system-out/>
  <testcase classname="com.webOrders.test.WebOrder_ViewAllOrders_Test" name="verifyError" time="1.663"/>
  <system-out/>
  <testcase classname="com.webOrders.test.WebOrder_ViewAllOrders_Test" name="verifyError" time="1.924"/>
  <system-out/>
</testsuite> <!-- com.webOrders.test.WebOrder_ViewAllOrders_Test -->
