<?xml version="1.0" encoding="UTF-8"?>
<!-- Generated by org.testng.reporters.JUnitReportReporter -->
<testsuite hostname="DESKTOP-PG3POK5" failures="0" tests="3" name="com.webOrders.test.WebOrders_Login" time="28.154" errors="0" timestamp="2024-08-30T11:12:09 IST" skipped="0">
  <testcase classname="com.webOrders.test.WebOrders_Login" name="loginTest" time="10.988"/>
  <system-out/>
  <testcase classname="com.webOrders.test.WebOrders_Login" name="urlTest" time="8.517"/>
  <system-out/>
  <testcase classname="com.webOrders.test.WebOrders_Login" name="verifyText" time="8.649"/>
  <system-out/>
</testsuite> <!-- com.webOrders.test.WebOrders_Login -->
