<?xml version="1.0" encoding="UTF-8"?>
<!-- Generated by org.testng.reporters.JUnitReportReporter -->
<testsuite hostname="DESKTOP-PG3POK5" failures="0" tests="15" name="com.webOrders.test.WebOrder_Order_Test" time="118.593" errors="0" timestamp="2024-08-30T02:16:40 IST" skipped="1">
  <testcase classname="com.webOrders.test.WebOrder_Order_Test" name="createAndVerifyOrder" time="6.836"/>
  <system-out/>
  <testcase classname="com.webOrders.test.WebOrder_Order_Test" name="createAndVerifyOrder" time="6.898"/>
  <system-out/>
  <testcase classname="com.webOrders.test.WebOrder_Order_Test" name="createAndVerifyOrder" time="6.748"/>
  <system-out/>
  <testcase classname="com.webOrders.test.WebOrder_Order_Test" name="createAndVerifyOrder" time="6.698"/>
  <system-out/>
  <testcase classname="com.webOrders.test.WebOrder_Order_Test" name="createAndVerifyOrder" time="6.834"/>
  <system-out/>
  <testcase classname="com.webOrders.test.WebOrder_Order_Test" name="createAndVerifyOrder" time="6.915"/>
  <system-out/>
  <testcase classname="com.webOrders.test.WebOrder_Order_Test" name="createAndVerifyOrder" time="11.263"/>
  <system-out/>
  <testcase classname="com.webOrders.test.WebOrder_Order_Test" name="createAndVerifyOrder" time="7.088"/>
  <system-out/>
  <testcase classname="com.webOrders.test.WebOrder_Order_Test" name="createAndVerifyOrder" time="17.671"/>
  <system-out/>
  <testcase classname="com.webOrders.test.WebOrder_Order_Test" name="createAndVerifyOrder" time="12.262"/>
  <system-out/>
  <testcase classname="com.webOrders.test.WebOrder_Order_Test" name="createAndVerifyOrder" time="7.698"/>
  <system-out/>
  <testcase classname="com.webOrders.test.WebOrder_Order_Test" name="createAndVerifyOrder" time="7.473"/>
  <system-out/>
  <testcase classname="com.webOrders.test.WebOrder_Order_Test" name="createAndVerifyOrder" time="6.812"/>
  <system-out/>
  <testcase classname="com.webOrders.test.WebOrder_Order_Test" name="createAndVerifyOrder" time="7.397"/>
  <system-out/>
  <testcase classname="com.webOrders.test.WebOrder_Order_Test" name="verifyCheckAll">
    <skipped/>
  </testcase> <!-- verifyCheckAll -->
  <system-out/>
</testsuite> <!-- com.webOrders.test.WebOrder_Order_Test -->
