<?xml version="1.0" encoding="UTF-8"?>
<!-- Generated by org.testng.reporters.JUnitXMLReporter -->
<testsuite ignored="0" hostname="DESKTOP-PG3POK5" failures="0" tests="3" name="test-1" time="34.552" errors="0" timestamp="2024-08-30T11:12:09 IST">
  <testcase classname="com.webOrders.test.WebOrders_Login" name="loginTest" time="10.988"/>
  <testcase classname="com.webOrders.test.WebOrders_Login" name="urlTest" time="8.517"/>
  <testcase classname="com.webOrders.test.WebOrders_Login" name="verifyText" time="8.649"/>
</testsuite> <!-- test-1 -->
